2021-11-30 12:40:28,900:INFO:PyCaret Supervised Module
2021-11-30 12:40:28,900:INFO:ML Usecase: classification
2021-11-30 12:40:28,901:INFO:version 2.3.5
2021-11-30 12:40:28,901:INFO:Initializing setup()
2021-11-30 12:40:28,902:INFO:setup(target=Failure Type, ml_usecase=classification, available_plots={'parameter': 'Hyperparameters', 'auc': 'AUC', 'confusion_matrix': 'Confusion Matrix', 'threshold': 'Threshold', 'pr': 'Precision Recall', 'error': 'Prediction Error', 'class_report': 'Class Report', 'rfe': 'Feature Selection', 'learning': 'Learning Curve', 'manifold': 'Manifold Learning', 'calibration': 'Calibration Curve', 'vc': 'Validation Curve', 'dimension': 'Dimensions', 'feature': 'Feature Importance', 'feature_all': 'Feature Importance (All)', 'boundary': 'Decision Boundary', 'lift': 'Lift Chart', 'gain': 'Gain Chart', 'tree': 'Decision Tree', 'ks': 'KS Statistic Plot'}, train_size=0.7, test_data=None, preprocess=True, imputation_type=simple, iterative_imputation_iters=5, categorical_features=None, categorical_imputation=constant, categorical_iterative_imputer=lightgbm, ordinal_features=None, high_cardinality_features=None, high_cardinality_method=frequency, numeric_features=None, numeric_imputation=mean, numeric_iterative_imputer=lightgbm, date_features=None, ignore_features=None, normalize=False, normalize_method=zscore, transformation=False, transformation_method=yeo-johnson, handle_unknown_categorical=True, unknown_categorical_method=least_frequent, pca=False, pca_method=linear, pca_components=None, ignore_low_variance=False, combine_rare_levels=False, rare_level_threshold=0.1, bin_numeric_features=None, remove_outliers=False, outliers_threshold=0.05, remove_multicollinearity=False, multicollinearity_threshold=0.9, remove_perfect_collinearity=True, create_clusters=False, cluster_iter=20, polynomial_features=False, polynomial_degree=2, trigonometry_features=False, polynomial_threshold=0.1, group_features=None, group_names=None, feature_selection=False, feature_selection_threshold=0.8, feature_selection_method=classic, feature_interaction=False, feature_ratio=False, interaction_threshold=0.01, fix_imbalance=False, fix_imbalance_method=None, transform_target=False, transform_target_method=box-cox, data_split_shuffle=True, data_split_stratify=False, fold_strategy=stratifiedkfold, fold=10, fold_shuffle=False, fold_groups=None, n_jobs=-1, use_gpu=False, custom_pipeline=None, html=True, session_id=1, log_experiment=False, experiment_name=None, log_plots=False, log_profile=False, log_data=False, silent=False, verbose=True, profile=False, profile_kwargs=None, display=None)
2021-11-30 12:40:28,905:INFO:Checking environment
2021-11-30 12:40:28,905:INFO:python_version: 3.8.8
2021-11-30 12:40:28,905:INFO:python_build: ('default', 'Apr 13 2021 15:08:03')
2021-11-30 12:40:28,906:INFO:machine: AMD64
2021-11-30 12:40:28,907:INFO:platform: Windows-10-10.0.19041-SP0
2021-11-30 12:40:28,907:INFO:Memory: svmem(total=4161081344, available=725790720, percent=82.6, used=3435290624, free=725790720)
2021-11-30 12:40:28,907:INFO:Physical Core: 2
2021-11-30 12:40:28,907:INFO:Logical Core: 4
2021-11-30 12:40:28,908:INFO:Checking libraries
2021-11-30 12:40:28,908:INFO:pd==1.2.4
2021-11-30 12:40:28,908:INFO:numpy==1.18.5
2021-11-30 12:40:28,908:INFO:sklearn==0.23.2
2021-11-30 12:40:28,909:INFO:lightgbm==3.3.1
2021-11-30 12:40:28,911:WARNING:catboost not found
2021-11-30 12:40:28,913:WARNING:xgboost not found
2021-11-30 12:40:30,973:INFO:mlflow==1.22.0
2021-11-30 12:40:30,974:INFO:Checking Exceptions
2021-11-30 12:40:30,975:INFO:Declaring global variables
2021-11-30 12:40:30,975:INFO:USI: 3708
2021-11-30 12:40:30,975:INFO:pycaret_globals: {'create_model_container', 'fold_param', 'X_train', 'target_param', 'fold_groups_param', 'imputation_regressor', 'pycaret_globals', '_all_models', '_available_plots', 'y', 'prep_pipe', 'USI', 'fold_shuffle_param', 'display_container', 'fold_groups_param_full', 'fix_imbalance_param', 'logging_param', 'master_model_container', 'y_train', '_gpu_n_jobs_param', 'log_plots_param', 'n_jobs_param', 'X', 'stratify_param', 'y_test', 'transform_target_method_param', '_ml_usecase', 'experiment__', 'transform_target_param', 'gpu_param', 'exp_name_log', '_all_models_internal', 'imputation_classifier', 'iterative_imputation_iters_param', 'data_before_preprocess', 'fix_imbalance_method_param', 'fold_generator', 'X_test', '_all_metrics', '_internal_pipeline', 'html_param', 'seed'}
2021-11-30 12:40:30,976:INFO:Preparing display monitor
2021-11-30 12:40:30,976:INFO:Preparing display monitor
2021-11-30 12:40:31,018:INFO:Importing libraries
2021-11-30 12:40:31,018:INFO:Copying data for preprocessing
2021-11-30 12:40:31,044:INFO:Declaring preprocessing parameters
2021-11-30 12:40:31,051:INFO:Creating preprocessing pipeline
2021-11-30 12:40:31,098:INFO:Preprocessing pipeline created successfully
2021-11-30 12:40:31,098:ERROR:(Process Exit): setup has been interupted with user command 'quit'. setup must rerun.
2021-11-30 12:40:31,099:INFO:Creating global containers
2021-11-30 12:40:31,103:INFO:Internal pipeline: Pipeline(memory=None, steps=[('empty_step', 'passthrough')], verbose=False)
2021-11-30 12:41:20,888:WARNING:Couldn't import xgboost.XGBClassifier
2021-11-30 12:41:20,889:WARNING:Couldn't import catboost.CatBoostClassifier
2021-11-30 12:41:20,998:WARNING:Couldn't import xgboost.XGBClassifier
2021-11-30 12:41:20,999:WARNING:Couldn't import catboost.CatBoostClassifier
2021-11-30 12:41:21,000:INFO:Creating grid variables
2021-11-30 12:41:21,052:INFO:create_model_container: 0
2021-11-30 12:41:21,053:INFO:master_model_container: 0
2021-11-30 12:41:21,054:INFO:display_container: 1
2021-11-30 12:41:21,062:INFO:Pipeline(memory=None,
         steps=[('dtypes',
                 DataTypes_Auto_infer(categorical_features=[],
                                      display_types=True, features_todrop=[],
                                      id_columns=[],
                                      ml_usecase='classification',
                                      numerical_features=[],
                                      target='Failure Type',
                                      time_features=[])),
                ('imputer',
                 Simple_Imputer(categorical_strategy='not_available',
                                fill_value_categorical=None,
                                fill_value_numerical=None,
                                numeric_...
                ('scaling', 'passthrough'), ('P_transform', 'passthrough'),
                ('binn', 'passthrough'), ('rem_outliers', 'passthrough'),
                ('cluster_all', 'passthrough'),
                ('dummy', Dummify(target='Failure Type')),
                ('fix_perfect', Remove_100(target='Failure Type')),
                ('clean_names', Clean_Colum_Names()),
                ('feature_select', 'passthrough'), ('fix_multi', 'passthrough'),
                ('dfs', 'passthrough'), ('pca', 'passthrough')],
         verbose=False)
2021-11-30 12:41:21,063:INFO:setup() succesfully completed......................................
2021-11-30 12:42:16,681:INFO:Initializing compare_models()
2021-11-30 12:42:16,681:INFO:compare_models(include=None, fold=None, round=4, cross_validation=True, sort=Accuracy, n_select=1, budget_time=None, turbo=True, errors=ignore, fit_kwargs=None, groups=None, probability_threshold=None, verbose=True, display=None, exclude=None)
2021-11-30 12:42:16,681:INFO:Checking exceptions
2021-11-30 12:42:16,684:INFO:Preparing display monitor
2021-11-30 12:42:16,685:INFO:Preparing display monitor
2021-11-30 12:42:16,756:INFO:Initializing Logistic Regression
2021-11-30 12:42:16,756:INFO:Total runtime is 0.0 minutes
2021-11-30 12:42:16,782:INFO:SubProcess create_model() called ==================================
2021-11-30 12:42:16,784:INFO:Initializing create_model()
2021-11-30 12:42:16,784:INFO:create_model(estimator=lr, fold=StratifiedKFold(n_splits=10, random_state=None, shuffle=False), round=4, cross_validation=True, predict=True, fit_kwargs={}, groups=None, refit=False, verbose=False, system=False, metrics=None, add_to_model_list=True, probability_threshold=None, display=<pycaret.internal.Display.Display object at 0x0000025BFFF03880>, kwargs={})
2021-11-30 12:42:16,784:INFO:Checking exceptions
2021-11-30 12:42:16,785:INFO:Importing libraries
2021-11-30 12:42:16,785:INFO:Copying training dataset
2021-11-30 12:42:16,787:INFO:Defining folds
2021-11-30 12:42:16,788:INFO:Declaring metric variables
2021-11-30 12:42:16,822:INFO:Importing untrained model
2021-11-30 12:42:16,848:INFO:Logistic Regression Imported succesfully
2021-11-30 12:42:16,898:INFO:Starting cross validation
2021-11-30 12:42:16,900:INFO:Cross validating with StratifiedKFold(n_splits=10, random_state=None, shuffle=False), n_jobs=-1
2021-11-30 12:42:51,483:INFO:Calculating mean and std
2021-11-30 12:42:51,484:INFO:Creating metrics dataframe
2021-11-30 12:42:51,494:INFO:Uploading results into container
2021-11-30 12:42:51,494:INFO:Uploading model into container now
2021-11-30 12:42:51,494:INFO:create_model_container: 1
2021-11-30 12:42:51,495:INFO:master_model_container: 1
2021-11-30 12:42:51,495:INFO:display_container: 2
2021-11-30 12:42:51,496:INFO:LogisticRegression(C=1.0, class_weight=None, dual=False, fit_intercept=True,
                   intercept_scaling=1, l1_ratio=None, max_iter=1000,
                   multi_class='auto', n_jobs=None, penalty='l2',
                   random_state=1, solver='lbfgs', tol=0.0001, verbose=0,
                   warm_start=False)
2021-11-30 12:42:51,496:INFO:create_model() succesfully completed......................................
2021-11-30 12:42:51,750:INFO:SubProcess create_model() end ==================================
2021-11-30 12:42:51,750:INFO:Creating metrics dataframe
2021-11-30 12:42:51,781:INFO:Initializing K Neighbors Classifier
2021-11-30 12:42:51,781:INFO:Total runtime is 0.5837418675422669 minutes
2021-11-30 12:42:51,796:INFO:SubProcess create_model() called ==================================
2021-11-30 12:42:51,797:INFO:Initializing create_model()
2021-11-30 12:42:51,797:INFO:create_model(estimator=knn, fold=StratifiedKFold(n_splits=10, random_state=None, shuffle=False), round=4, cross_validation=True, predict=True, fit_kwargs={}, groups=None, refit=False, verbose=False, system=False, metrics=None, add_to_model_list=True, probability_threshold=None, display=<pycaret.internal.Display.Display object at 0x0000025BFFF03880>, kwargs={})
2021-11-30 12:42:51,798:INFO:Checking exceptions
2021-11-30 12:42:51,798:INFO:Importing libraries
2021-11-30 12:42:51,798:INFO:Copying training dataset
2021-11-30 12:42:51,800:INFO:Defining folds
2021-11-30 12:42:51,801:INFO:Declaring metric variables
2021-11-30 12:42:51,826:INFO:Importing untrained model
2021-11-30 12:42:51,848:INFO:K Neighbors Classifier Imported succesfully
2021-11-30 12:42:51,892:INFO:Starting cross validation
2021-11-30 12:42:51,893:INFO:Cross validating with StratifiedKFold(n_splits=10, random_state=None, shuffle=False), n_jobs=-1
2021-11-30 12:42:52,527:INFO:Calculating mean and std
2021-11-30 12:42:52,529:INFO:Creating metrics dataframe
2021-11-30 12:42:52,537:INFO:Uploading results into container
2021-11-30 12:42:52,537:INFO:Uploading model into container now
2021-11-30 12:42:52,538:INFO:create_model_container: 2
2021-11-30 12:42:52,539:INFO:master_model_container: 2
2021-11-30 12:42:52,539:INFO:display_container: 2
2021-11-30 12:42:52,539:INFO:KNeighborsClassifier(algorithm='auto', leaf_size=30, metric='minkowski',
                     metric_params=None, n_jobs=-1, n_neighbors=5, p=2,
                     weights='uniform')
2021-11-30 12:42:52,539:INFO:create_model() succesfully completed......................................
2021-11-30 12:42:52,804:INFO:SubProcess create_model() end ==================================
2021-11-30 12:42:52,805:INFO:Creating metrics dataframe
2021-11-30 12:42:52,843:INFO:Initializing Naive Bayes
2021-11-30 12:42:52,843:INFO:Total runtime is 0.601442285378774 minutes
2021-11-30 12:42:52,861:INFO:SubProcess create_model() called ==================================
2021-11-30 12:42:52,862:INFO:Initializing create_model()
2021-11-30 12:42:52,863:INFO:create_model(estimator=nb, fold=StratifiedKFold(n_splits=10, random_state=None, shuffle=False), round=4, cross_validation=True, predict=True, fit_kwargs={}, groups=None, refit=False, verbose=False, system=False, metrics=None, add_to_model_list=True, probability_threshold=None, display=<pycaret.internal.Display.Display object at 0x0000025BFFF03880>, kwargs={})
2021-11-30 12:42:52,863:INFO:Checking exceptions
2021-11-30 12:42:52,863:INFO:Importing libraries
2021-11-30 12:42:52,863:INFO:Copying training dataset
2021-11-30 12:42:52,865:INFO:Defining folds
2021-11-30 12:42:52,865:INFO:Declaring metric variables
2021-11-30 12:42:52,897:INFO:Importing untrained model
2021-11-30 12:42:52,930:INFO:Naive Bayes Imported succesfully
2021-11-30 12:42:52,989:INFO:Starting cross validation
2021-11-30 12:42:52,991:INFO:Cross validating with StratifiedKFold(n_splits=10, random_state=None, shuffle=False), n_jobs=-1
2021-11-30 12:42:53,207:INFO:Calculating mean and std
2021-11-30 12:42:53,209:INFO:Creating metrics dataframe
2021-11-30 12:42:53,218:INFO:Uploading results into container
2021-11-30 12:42:53,218:INFO:Uploading model into container now
2021-11-30 12:42:53,218:INFO:create_model_container: 3
2021-11-30 12:42:53,219:INFO:master_model_container: 3
2021-11-30 12:42:53,219:INFO:display_container: 2
2021-11-30 12:42:53,220:INFO:GaussianNB(priors=None, var_smoothing=1e-09)
2021-11-30 12:42:53,220:INFO:create_model() succesfully completed......................................
2021-11-30 12:42:53,497:INFO:SubProcess create_model() end ==================================
2021-11-30 12:42:53,497:INFO:Creating metrics dataframe
2021-11-30 12:42:53,535:INFO:Initializing Decision Tree Classifier
2021-11-30 12:42:53,535:INFO:Total runtime is 0.6129753311475118 minutes
2021-11-30 12:42:53,558:INFO:SubProcess create_model() called ==================================
2021-11-30 12:42:53,560:INFO:Initializing create_model()
2021-11-30 12:42:53,561:INFO:create_model(estimator=dt, fold=StratifiedKFold(n_splits=10, random_state=None, shuffle=False), round=4, cross_validation=True, predict=True, fit_kwargs={}, groups=None, refit=False, verbose=False, system=False, metrics=None, add_to_model_list=True, probability_threshold=None, display=<pycaret.internal.Display.Display object at 0x0000025BFFF03880>, kwargs={})
2021-11-30 12:42:53,561:INFO:Checking exceptions
2021-11-30 12:42:53,561:INFO:Importing libraries
2021-11-30 12:42:53,562:INFO:Copying training dataset
2021-11-30 12:42:53,564:INFO:Defining folds
2021-11-30 12:42:53,565:INFO:Declaring metric variables
2021-11-30 12:42:53,599:INFO:Importing untrained model
2021-11-30 12:42:53,637:INFO:Decision Tree Classifier Imported succesfully
2021-11-30 12:42:53,706:INFO:Starting cross validation
2021-11-30 12:42:53,709:INFO:Cross validating with StratifiedKFold(n_splits=10, random_state=None, shuffle=False), n_jobs=-1
2021-11-30 12:42:54,001:INFO:Calculating mean and std
2021-11-30 12:42:54,002:INFO:Creating metrics dataframe
2021-11-30 12:42:54,011:INFO:Uploading results into container
2021-11-30 12:42:54,012:INFO:Uploading model into container now
2021-11-30 12:42:54,012:INFO:create_model_container: 4
2021-11-30 12:42:54,012:INFO:master_model_container: 4
2021-11-30 12:42:54,013:INFO:display_container: 2
2021-11-30 12:42:54,013:INFO:DecisionTreeClassifier(ccp_alpha=0.0, class_weight=None, criterion='gini',
                       max_depth=None, max_features=None, max_leaf_nodes=None,
                       min_impurity_decrease=0.0, min_impurity_split=None,
                       min_samples_leaf=1, min_samples_split=2,
                       min_weight_fraction_leaf=0.0, presort='deprecated',
                       random_state=1, splitter='best')
2021-11-30 12:42:54,014:INFO:create_model() succesfully completed......................................
2021-11-30 12:42:54,281:INFO:SubProcess create_model() end ==================================
2021-11-30 12:42:54,281:INFO:Creating metrics dataframe
2021-11-30 12:42:54,317:INFO:Initializing SVM - Linear Kernel
2021-11-30 12:42:54,317:INFO:Total runtime is 0.6260089755058289 minutes
2021-11-30 12:42:54,337:INFO:SubProcess create_model() called ==================================
2021-11-30 12:42:54,338:INFO:Initializing create_model()
2021-11-30 12:42:54,339:INFO:create_model(estimator=svm, fold=StratifiedKFold(n_splits=10, random_state=None, shuffle=False), round=4, cross_validation=True, predict=True, fit_kwargs={}, groups=None, refit=False, verbose=False, system=False, metrics=None, add_to_model_list=True, probability_threshold=None, display=<pycaret.internal.Display.Display object at 0x0000025BFFF03880>, kwargs={})
2021-11-30 12:42:54,341:INFO:Checking exceptions
2021-11-30 12:42:54,341:INFO:Importing libraries
2021-11-30 12:42:54,341:INFO:Copying training dataset
2021-11-30 12:42:54,344:INFO:Defining folds
2021-11-30 12:42:54,344:INFO:Declaring metric variables
2021-11-30 12:42:54,383:INFO:Importing untrained model
2021-11-30 12:42:54,407:INFO:SVM - Linear Kernel Imported succesfully
2021-11-30 12:42:54,467:INFO:Starting cross validation
2021-11-30 12:42:54,468:INFO:Cross validating with StratifiedKFold(n_splits=10, random_state=None, shuffle=False), n_jobs=-1
2021-11-30 12:42:55,587:INFO:Calculating mean and std
2021-11-30 12:42:55,588:INFO:Creating metrics dataframe
2021-11-30 12:42:55,595:INFO:Uploading results into container
2021-11-30 12:42:55,595:INFO:Uploading model into container now
2021-11-30 12:42:55,595:INFO:create_model_container: 5
2021-11-30 12:42:55,596:INFO:master_model_container: 5
2021-11-30 12:42:55,596:INFO:display_container: 2
2021-11-30 12:42:55,597:INFO:SGDClassifier(alpha=0.0001, average=False, class_weight=None,
              early_stopping=False, epsilon=0.1, eta0=0.001, fit_intercept=True,
              l1_ratio=0.15, learning_rate='optimal', loss='hinge',
              max_iter=1000, n_iter_no_change=5, n_jobs=-1, penalty='l2',
              power_t=0.5, random_state=1, shuffle=True, tol=0.001,
              validation_fraction=0.1, verbose=0, warm_start=False)
2021-11-30 12:42:55,597:INFO:create_model() succesfully completed......................................
2021-11-30 12:42:55,934:INFO:SubProcess create_model() end ==================================
2021-11-30 12:42:55,934:INFO:Creating metrics dataframe
2021-11-30 12:42:55,976:INFO:Initializing Ridge Classifier
2021-11-30 12:42:55,977:INFO:Total runtime is 0.653675639629364 minutes
2021-11-30 12:42:55,993:INFO:SubProcess create_model() called ==================================
2021-11-30 12:42:55,994:INFO:Initializing create_model()
2021-11-30 12:42:55,994:INFO:create_model(estimator=ridge, fold=StratifiedKFold(n_splits=10, random_state=None, shuffle=False), round=4, cross_validation=True, predict=True, fit_kwargs={}, groups=None, refit=False, verbose=False, system=False, metrics=None, add_to_model_list=True, probability_threshold=None, display=<pycaret.internal.Display.Display object at 0x0000025BFFF03880>, kwargs={})
2021-11-30 12:42:55,994:INFO:Checking exceptions
2021-11-30 12:42:55,995:INFO:Importing libraries
2021-11-30 12:42:55,995:INFO:Copying training dataset
2021-11-30 12:42:55,997:INFO:Defining folds
2021-11-30 12:42:55,997:INFO:Declaring metric variables
2021-11-30 12:42:56,021:INFO:Importing untrained model
2021-11-30 12:42:56,045:INFO:Ridge Classifier Imported succesfully
2021-11-30 12:42:56,087:INFO:Starting cross validation
2021-11-30 12:42:56,091:INFO:Cross validating with StratifiedKFold(n_splits=10, random_state=None, shuffle=False), n_jobs=-1
2021-11-30 12:42:56,253:INFO:Calculating mean and std
2021-11-30 12:42:56,254:INFO:Creating metrics dataframe
2021-11-30 12:42:56,261:INFO:Uploading results into container
2021-11-30 12:42:56,261:INFO:Uploading model into container now
2021-11-30 12:42:56,262:INFO:create_model_container: 6
2021-11-30 12:42:56,262:INFO:master_model_container: 6
2021-11-30 12:42:56,262:INFO:display_container: 2
2021-11-30 12:42:56,263:INFO:RidgeClassifier(alpha=1.0, class_weight=None, copy_X=True, fit_intercept=True,
                max_iter=None, normalize=False, random_state=1, solver='auto',
                tol=0.001)
2021-11-30 12:42:56,263:INFO:create_model() succesfully completed......................................
2021-11-30 12:42:56,639:INFO:SubProcess create_model() end ==================================
2021-11-30 12:42:56,639:INFO:Creating metrics dataframe
2021-11-30 12:42:56,696:INFO:Initializing Random Forest Classifier
2021-11-30 12:42:56,697:INFO:Total runtime is 0.6656754612922668 minutes
2021-11-30 12:42:56,714:INFO:SubProcess create_model() called ==================================
2021-11-30 12:42:56,715:INFO:Initializing create_model()
2021-11-30 12:42:56,715:INFO:create_model(estimator=rf, fold=StratifiedKFold(n_splits=10, random_state=None, shuffle=False), round=4, cross_validation=True, predict=True, fit_kwargs={}, groups=None, refit=False, verbose=False, system=False, metrics=None, add_to_model_list=True, probability_threshold=None, display=<pycaret.internal.Display.Display object at 0x0000025BFFF03880>, kwargs={})
2021-11-30 12:42:56,716:INFO:Checking exceptions
2021-11-30 12:42:56,716:INFO:Importing libraries
2021-11-30 12:42:56,716:INFO:Copying training dataset
2021-11-30 12:42:56,717:INFO:Defining folds
2021-11-30 12:42:56,718:INFO:Declaring metric variables
2021-11-30 12:42:56,744:INFO:Importing untrained model
2021-11-30 12:42:56,769:INFO:Random Forest Classifier Imported succesfully
2021-11-30 12:42:56,813:INFO:Starting cross validation
2021-11-30 12:42:56,814:INFO:Cross validating with StratifiedKFold(n_splits=10, random_state=None, shuffle=False), n_jobs=-1
2021-11-30 12:43:00,412:INFO:Calculating mean and std
2021-11-30 12:43:00,413:INFO:Creating metrics dataframe
2021-11-30 12:43:00,420:INFO:Uploading results into container
2021-11-30 12:43:00,420:INFO:Uploading model into container now
2021-11-30 12:43:00,420:INFO:create_model_container: 7
2021-11-30 12:43:00,421:INFO:master_model_container: 7
2021-11-30 12:43:00,421:INFO:display_container: 2
2021-11-30 12:43:00,422:INFO:RandomForestClassifier(bootstrap=True, ccp_alpha=0.0, class_weight=None,
                       criterion='gini', max_depth=None, max_features='auto',
                       max_leaf_nodes=None, max_samples=None,
                       min_impurity_decrease=0.0, min_impurity_split=None,
                       min_samples_leaf=1, min_samples_split=2,
                       min_weight_fraction_leaf=0.0, n_estimators=100,
                       n_jobs=-1, oob_score=False, random_state=1, verbose=0,
                       warm_start=False)
2021-11-30 12:43:00,422:INFO:create_model() succesfully completed......................................
2021-11-30 12:43:00,769:INFO:SubProcess create_model() end ==================================
2021-11-30 12:43:00,769:INFO:Creating metrics dataframe
2021-11-30 12:43:00,821:INFO:Initializing Quadratic Discriminant Analysis
2021-11-30 12:43:00,821:INFO:Total runtime is 0.7344090143839518 minutes
2021-11-30 12:43:00,843:INFO:SubProcess create_model() called ==================================
2021-11-30 12:43:00,844:INFO:Initializing create_model()
2021-11-30 12:43:00,845:INFO:create_model(estimator=qda, fold=StratifiedKFold(n_splits=10, random_state=None, shuffle=False), round=4, cross_validation=True, predict=True, fit_kwargs={}, groups=None, refit=False, verbose=False, system=False, metrics=None, add_to_model_list=True, probability_threshold=None, display=<pycaret.internal.Display.Display object at 0x0000025BFFF03880>, kwargs={})
2021-11-30 12:43:00,845:INFO:Checking exceptions
2021-11-30 12:43:00,845:INFO:Importing libraries
2021-11-30 12:43:00,846:INFO:Copying training dataset
2021-11-30 12:43:00,848:INFO:Defining folds
2021-11-30 12:43:00,849:INFO:Declaring metric variables
2021-11-30 12:43:00,876:INFO:Importing untrained model
2021-11-30 12:43:00,901:INFO:Quadratic Discriminant Analysis Imported succesfully
2021-11-30 12:43:00,947:INFO:Starting cross validation
2021-11-30 12:43:00,948:INFO:Cross validating with StratifiedKFold(n_splits=10, random_state=None, shuffle=False), n_jobs=-1
2021-11-30 12:43:01,211:INFO:Calculating mean and std
2021-11-30 12:43:01,212:INFO:Creating metrics dataframe
2021-11-30 12:43:01,218:INFO:Uploading results into container
2021-11-30 12:43:01,218:INFO:Uploading model into container now
2021-11-30 12:43:01,218:INFO:create_model_container: 8
2021-11-30 12:43:01,219:INFO:master_model_container: 8
2021-11-30 12:43:01,219:INFO:display_container: 2
2021-11-30 12:43:01,219:INFO:QuadraticDiscriminantAnalysis(priors=None, reg_param=0.0,
                              store_covariance=False, tol=0.0001)
2021-11-30 12:43:01,219:INFO:create_model() succesfully completed......................................
2021-11-30 12:43:01,516:INFO:SubProcess create_model() end ==================================
2021-11-30 12:43:01,516:INFO:Creating metrics dataframe
2021-11-30 12:43:01,557:INFO:Initializing Ada Boost Classifier
2021-11-30 12:43:01,558:INFO:Total runtime is 0.7466922879219055 minutes
2021-11-30 12:43:01,579:INFO:SubProcess create_model() called ==================================
2021-11-30 12:43:01,581:INFO:Initializing create_model()
2021-11-30 12:43:01,581:INFO:create_model(estimator=ada, fold=StratifiedKFold(n_splits=10, random_state=None, shuffle=False), round=4, cross_validation=True, predict=True, fit_kwargs={}, groups=None, refit=False, verbose=False, system=False, metrics=None, add_to_model_list=True, probability_threshold=None, display=<pycaret.internal.Display.Display object at 0x0000025BFFF03880>, kwargs={})
2021-11-30 12:43:01,581:INFO:Checking exceptions
2021-11-30 12:43:01,582:INFO:Importing libraries
2021-11-30 12:43:01,582:INFO:Copying training dataset
2021-11-30 12:43:01,584:INFO:Defining folds
2021-11-30 12:43:01,585:INFO:Declaring metric variables
2021-11-30 12:43:01,620:INFO:Importing untrained model
2021-11-30 12:43:01,652:INFO:Ada Boost Classifier Imported succesfully
2021-11-30 12:43:01,710:INFO:Starting cross validation
2021-11-30 12:43:01,712:INFO:Cross validating with StratifiedKFold(n_splits=10, random_state=None, shuffle=False), n_jobs=-1
2021-11-30 12:43:03,742:INFO:Calculating mean and std
2021-11-30 12:43:03,744:INFO:Creating metrics dataframe
2021-11-30 12:43:03,749:INFO:Uploading results into container
2021-11-30 12:43:03,750:INFO:Uploading model into container now
2021-11-30 12:43:03,750:INFO:create_model_container: 9
2021-11-30 12:43:03,750:INFO:master_model_container: 9
2021-11-30 12:43:03,751:INFO:display_container: 2
2021-11-30 12:43:03,751:INFO:AdaBoostClassifier(algorithm='SAMME.R', base_estimator=None, learning_rate=1.0,
                   n_estimators=50, random_state=1)
2021-11-30 12:43:03,751:INFO:create_model() succesfully completed......................................
2021-11-30 12:43:04,090:INFO:SubProcess create_model() end ==================================
2021-11-30 12:43:04,090:INFO:Creating metrics dataframe
2021-11-30 12:43:04,140:INFO:Initializing Gradient Boosting Classifier
2021-11-30 12:43:04,140:INFO:Total runtime is 0.7897253314654031 minutes
2021-11-30 12:43:04,157:INFO:SubProcess create_model() called ==================================
2021-11-30 12:43:04,158:INFO:Initializing create_model()
2021-11-30 12:43:04,159:INFO:create_model(estimator=gbc, fold=StratifiedKFold(n_splits=10, random_state=None, shuffle=False), round=4, cross_validation=True, predict=True, fit_kwargs={}, groups=None, refit=False, verbose=False, system=False, metrics=None, add_to_model_list=True, probability_threshold=None, display=<pycaret.internal.Display.Display object at 0x0000025BFFF03880>, kwargs={})
2021-11-30 12:43:04,159:INFO:Checking exceptions
2021-11-30 12:43:04,160:INFO:Importing libraries
2021-11-30 12:43:04,160:INFO:Copying training dataset
2021-11-30 12:43:04,162:INFO:Defining folds
2021-11-30 12:43:04,163:INFO:Declaring metric variables
2021-11-30 12:43:04,181:INFO:Importing untrained model
2021-11-30 12:43:04,206:INFO:Gradient Boosting Classifier Imported succesfully
2021-11-30 12:43:04,260:INFO:Starting cross validation
2021-11-30 12:43:04,262:INFO:Cross validating with StratifiedKFold(n_splits=10, random_state=None, shuffle=False), n_jobs=-1
2021-11-30 12:43:29,196:INFO:Calculating mean and std
2021-11-30 12:43:29,197:INFO:Creating metrics dataframe
2021-11-30 12:43:29,204:INFO:Uploading results into container
2021-11-30 12:43:29,205:INFO:Uploading model into container now
2021-11-30 12:43:29,205:INFO:create_model_container: 10
2021-11-30 12:43:29,205:INFO:master_model_container: 10
2021-11-30 12:43:29,205:INFO:display_container: 2
2021-11-30 12:43:29,206:INFO:GradientBoostingClassifier(ccp_alpha=0.0, criterion='friedman_mse', init=None,
                           learning_rate=0.1, loss='deviance', max_depth=3,
                           max_features=None, max_leaf_nodes=None,
                           min_impurity_decrease=0.0, min_impurity_split=None,
                           min_samples_leaf=1, min_samples_split=2,
                           min_weight_fraction_leaf=0.0, n_estimators=100,
                           n_iter_no_change=None, presort='deprecated',
                           random_state=1, subsample=1.0, tol=0.0001,
                           validation_fraction=0.1, verbose=0,
                           warm_start=False)
2021-11-30 12:43:29,206:INFO:create_model() succesfully completed......................................
2021-11-30 12:43:29,543:INFO:SubProcess create_model() end ==================================
2021-11-30 12:43:29,543:INFO:Creating metrics dataframe
2021-11-30 12:43:29,574:INFO:Initializing Linear Discriminant Analysis
2021-11-30 12:43:29,575:INFO:Total runtime is 1.213641897837321 minutes
2021-11-30 12:43:29,590:INFO:SubProcess create_model() called ==================================
2021-11-30 12:43:29,591:INFO:Initializing create_model()
2021-11-30 12:43:29,591:INFO:create_model(estimator=lda, fold=StratifiedKFold(n_splits=10, random_state=None, shuffle=False), round=4, cross_validation=True, predict=True, fit_kwargs={}, groups=None, refit=False, verbose=False, system=False, metrics=None, add_to_model_list=True, probability_threshold=None, display=<pycaret.internal.Display.Display object at 0x0000025BFFF03880>, kwargs={})
2021-11-30 12:43:29,592:INFO:Checking exceptions
2021-11-30 12:43:29,592:INFO:Importing libraries
2021-11-30 12:43:29,592:INFO:Copying training dataset
2021-11-30 12:43:29,593:INFO:Defining folds
2021-11-30 12:43:29,594:INFO:Declaring metric variables
2021-11-30 12:43:29,613:INFO:Importing untrained model
2021-11-30 12:43:29,641:INFO:Linear Discriminant Analysis Imported succesfully
2021-11-30 12:43:29,693:INFO:Starting cross validation
2021-11-30 12:43:29,694:INFO:Cross validating with StratifiedKFold(n_splits=10, random_state=None, shuffle=False), n_jobs=-1
2021-11-30 12:43:30,033:INFO:Calculating mean and std
2021-11-30 12:43:30,035:INFO:Creating metrics dataframe
2021-11-30 12:43:30,049:INFO:Uploading results into container
2021-11-30 12:43:30,049:INFO:Uploading model into container now
2021-11-30 12:43:30,050:INFO:create_model_container: 11
2021-11-30 12:43:30,050:INFO:master_model_container: 11
2021-11-30 12:43:30,050:INFO:display_container: 2
2021-11-30 12:43:30,051:INFO:LinearDiscriminantAnalysis(n_components=None, priors=None, shrinkage=None,
                           solver='svd', store_covariance=False, tol=0.0001)
2021-11-30 12:43:30,051:INFO:create_model() succesfully completed......................................
2021-11-30 12:43:30,364:INFO:SubProcess create_model() end ==================================
2021-11-30 12:43:30,364:INFO:Creating metrics dataframe
2021-11-30 12:43:30,424:INFO:Initializing Extra Trees Classifier
2021-11-30 12:43:30,424:INFO:Total runtime is 1.2277923742930095 minutes
2021-11-30 12:43:30,450:INFO:SubProcess create_model() called ==================================
2021-11-30 12:43:30,451:INFO:Initializing create_model()
2021-11-30 12:43:30,451:INFO:create_model(estimator=et, fold=StratifiedKFold(n_splits=10, random_state=None, shuffle=False), round=4, cross_validation=True, predict=True, fit_kwargs={}, groups=None, refit=False, verbose=False, system=False, metrics=None, add_to_model_list=True, probability_threshold=None, display=<pycaret.internal.Display.Display object at 0x0000025BFFF03880>, kwargs={})
2021-11-30 12:43:30,453:INFO:Checking exceptions
2021-11-30 12:43:30,453:INFO:Importing libraries
2021-11-30 12:43:30,453:INFO:Copying training dataset
2021-11-30 12:43:30,456:INFO:Defining folds
2021-11-30 12:43:30,457:INFO:Declaring metric variables
2021-11-30 12:43:30,491:INFO:Importing untrained model
2021-11-30 12:43:30,528:INFO:Extra Trees Classifier Imported succesfully
2021-11-30 12:43:30,591:INFO:Starting cross validation
2021-11-30 12:43:30,593:INFO:Cross validating with StratifiedKFold(n_splits=10, random_state=None, shuffle=False), n_jobs=-1
2021-11-30 12:43:33,428:INFO:Calculating mean and std
2021-11-30 12:43:33,429:INFO:Creating metrics dataframe
2021-11-30 12:43:33,435:INFO:Uploading results into container
2021-11-30 12:43:33,435:INFO:Uploading model into container now
2021-11-30 12:43:33,435:INFO:create_model_container: 12
2021-11-30 12:43:33,436:INFO:master_model_container: 12
2021-11-30 12:43:33,436:INFO:display_container: 2
2021-11-30 12:43:33,437:INFO:ExtraTreesClassifier(bootstrap=False, ccp_alpha=0.0, class_weight=None,
                     criterion='gini', max_depth=None, max_features='auto',
                     max_leaf_nodes=None, max_samples=None,
                     min_impurity_decrease=0.0, min_impurity_split=None,
                     min_samples_leaf=1, min_samples_split=2,
                     min_weight_fraction_leaf=0.0, n_estimators=100, n_jobs=-1,
                     oob_score=False, random_state=1, verbose=0,
                     warm_start=False)
2021-11-30 12:43:33,438:INFO:create_model() succesfully completed......................................
2021-11-30 12:43:33,790:INFO:SubProcess create_model() end ==================================
2021-11-30 12:43:33,790:INFO:Creating metrics dataframe
2021-11-30 12:43:33,836:INFO:Initializing Light Gradient Boosting Machine
2021-11-30 12:43:33,836:INFO:Total runtime is 1.2846589366594952 minutes
2021-11-30 12:43:33,854:INFO:SubProcess create_model() called ==================================
2021-11-30 12:43:33,855:INFO:Initializing create_model()
2021-11-30 12:43:33,855:INFO:create_model(estimator=lightgbm, fold=StratifiedKFold(n_splits=10, random_state=None, shuffle=False), round=4, cross_validation=True, predict=True, fit_kwargs={}, groups=None, refit=False, verbose=False, system=False, metrics=None, add_to_model_list=True, probability_threshold=None, display=<pycaret.internal.Display.Display object at 0x0000025BFFF03880>, kwargs={})
2021-11-30 12:43:33,856:INFO:Checking exceptions
2021-11-30 12:43:33,856:INFO:Importing libraries
2021-11-30 12:43:33,856:INFO:Copying training dataset
2021-11-30 12:43:33,859:INFO:Defining folds
2021-11-30 12:43:33,859:INFO:Declaring metric variables
2021-11-30 12:43:33,884:INFO:Importing untrained model
2021-11-30 12:43:33,915:INFO:Light Gradient Boosting Machine Imported succesfully
2021-11-30 12:43:33,960:INFO:Starting cross validation
2021-11-30 12:43:33,962:INFO:Cross validating with StratifiedKFold(n_splits=10, random_state=None, shuffle=False), n_jobs=-1
2021-11-30 12:43:39,980:INFO:Calculating mean and std
2021-11-30 12:43:39,982:INFO:Creating metrics dataframe
2021-11-30 12:43:39,997:INFO:Uploading results into container
2021-11-30 12:43:39,997:INFO:Uploading model into container now
2021-11-30 12:43:39,998:INFO:create_model_container: 13
2021-11-30 12:43:39,998:INFO:master_model_container: 13
2021-11-30 12:43:39,998:INFO:display_container: 2
2021-11-30 12:43:39,999:INFO:LGBMClassifier(boosting_type='gbdt', class_weight=None, colsample_bytree=1.0,
               importance_type='split', learning_rate=0.1, max_depth=-1,
               min_child_samples=20, min_child_weight=0.001, min_split_gain=0.0,
               n_estimators=100, n_jobs=-1, num_leaves=31, objective=None,
               random_state=1, reg_alpha=0.0, reg_lambda=0.0, silent='warn',
               subsample=1.0, subsample_for_bin=200000, subsample_freq=0)
2021-11-30 12:43:39,999:INFO:create_model() succesfully completed......................................
2021-11-30 12:43:40,384:INFO:SubProcess create_model() end ==================================
2021-11-30 12:43:40,384:INFO:Creating metrics dataframe
2021-11-30 12:43:40,420:INFO:Initializing Dummy Classifier
2021-11-30 12:43:40,420:INFO:Total runtime is 1.3944033503532411 minutes
2021-11-30 12:43:40,435:INFO:SubProcess create_model() called ==================================
2021-11-30 12:43:40,435:INFO:Initializing create_model()
2021-11-30 12:43:40,436:INFO:create_model(estimator=dummy, fold=StratifiedKFold(n_splits=10, random_state=None, shuffle=False), round=4, cross_validation=True, predict=True, fit_kwargs={}, groups=None, refit=False, verbose=False, system=False, metrics=None, add_to_model_list=True, probability_threshold=None, display=<pycaret.internal.Display.Display object at 0x0000025BFFF03880>, kwargs={})
2021-11-30 12:43:40,436:INFO:Checking exceptions
2021-11-30 12:43:40,436:INFO:Importing libraries
2021-11-30 12:43:40,437:INFO:Copying training dataset
2021-11-30 12:43:40,438:INFO:Defining folds
2021-11-30 12:43:40,438:INFO:Declaring metric variables
2021-11-30 12:43:40,458:INFO:Importing untrained model
2021-11-30 12:43:40,492:INFO:Dummy Classifier Imported succesfully
2021-11-30 12:43:40,575:INFO:Starting cross validation
2021-11-30 12:43:40,576:INFO:Cross validating with StratifiedKFold(n_splits=10, random_state=None, shuffle=False), n_jobs=-1
2021-11-30 12:43:40,838:INFO:Calculating mean and std
2021-11-30 12:43:40,840:INFO:Creating metrics dataframe
2021-11-30 12:43:40,851:INFO:Uploading results into container
2021-11-30 12:43:40,852:INFO:Uploading model into container now
2021-11-30 12:43:40,852:INFO:create_model_container: 14
2021-11-30 12:43:40,853:INFO:master_model_container: 14
2021-11-30 12:43:40,853:INFO:display_container: 2
2021-11-30 12:43:40,854:INFO:DummyClassifier(constant=None, random_state=1, strategy='prior')
2021-11-30 12:43:40,854:INFO:create_model() succesfully completed......................................
2021-11-30 12:43:41,208:INFO:SubProcess create_model() end ==================================
2021-11-30 12:43:41,209:INFO:Creating metrics dataframe
2021-11-30 12:43:41,354:INFO:Initializing create_model()
2021-11-30 12:43:41,354:INFO:create_model(estimator=RandomForestClassifier(bootstrap=True, ccp_alpha=0.0, class_weight=None,
                       criterion='gini', max_depth=None, max_features='auto',
                       max_leaf_nodes=None, max_samples=None,
                       min_impurity_decrease=0.0, min_impurity_split=None,
                       min_samples_leaf=1, min_samples_split=2,
                       min_weight_fraction_leaf=0.0, n_estimators=100,
                       n_jobs=-1, oob_score=False, random_state=1, verbose=0,
                       warm_start=False), fold=StratifiedKFold(n_splits=10, random_state=None, shuffle=False), round=4, cross_validation=False, predict=False, fit_kwargs={}, groups=None, refit=True, verbose=False, system=False, metrics=None, add_to_model_list=True, probability_threshold=None, display=None, kwargs={})
2021-11-30 12:43:41,355:INFO:Checking exceptions
2021-11-30 12:43:41,355:INFO:Importing libraries
2021-11-30 12:43:41,356:INFO:Copying training dataset
2021-11-30 12:43:41,357:INFO:Defining folds
2021-11-30 12:43:41,357:INFO:Declaring metric variables
2021-11-30 12:43:41,357:INFO:Importing untrained model
2021-11-30 12:43:41,357:INFO:Declaring custom model
2021-11-30 12:43:41,359:INFO:Random Forest Classifier Imported succesfully
2021-11-30 12:43:41,360:INFO:Cross validation set to False
2021-11-30 12:43:41,360:INFO:Fitting Model
2021-11-30 12:43:42,077:INFO:RandomForestClassifier(bootstrap=True, ccp_alpha=0.0, class_weight=None,
                       criterion='gini', max_depth=None, max_features='auto',
                       max_leaf_nodes=None, max_samples=None,
                       min_impurity_decrease=0.0, min_impurity_split=None,
                       min_samples_leaf=1, min_samples_split=2,
                       min_weight_fraction_leaf=0.0, n_estimators=100,
                       n_jobs=-1, oob_score=False, random_state=1, verbose=0,
                       warm_start=False)
2021-11-30 12:43:42,078:INFO:create_models() succesfully completed......................................
2021-11-30 12:43:42,709:INFO:create_model_container: 14
2021-11-30 12:43:42,709:INFO:master_model_container: 14
2021-11-30 12:43:42,709:INFO:display_container: 2
2021-11-30 12:43:42,710:INFO:RandomForestClassifier(bootstrap=True, ccp_alpha=0.0, class_weight=None,
                       criterion='gini', max_depth=None, max_features='auto',
                       max_leaf_nodes=None, max_samples=None,
                       min_impurity_decrease=0.0, min_impurity_split=None,
                       min_samples_leaf=1, min_samples_split=2,
                       min_weight_fraction_leaf=0.0, n_estimators=100,
                       n_jobs=-1, oob_score=False, random_state=1, verbose=0,
                       warm_start=False)
2021-11-30 12:43:42,710:INFO:compare_models() succesfully completed......................................
2021-11-30 12:44:56,017:INFO:Initializing create_model()
2021-11-30 12:44:56,017:INFO:create_model(estimator=rf, fold=None, round=4, cross_validation=True, predict=True, fit_kwargs=None, groups=None, refit=True, verbose=True, system=True, metrics=None, add_to_model_list=True, probability_threshold=None, display=None, kwargs={})
2021-11-30 12:44:56,018:INFO:Checking exceptions
2021-11-30 12:44:56,018:INFO:Preparing display monitor
2021-11-30 12:44:56,063:INFO:Importing libraries
2021-11-30 12:44:56,064:INFO:Copying training dataset
2021-11-30 12:44:56,066:INFO:Defining folds
2021-11-30 12:44:56,066:INFO:Declaring metric variables
2021-11-30 12:44:56,083:INFO:Importing untrained model
2021-11-30 12:44:56,111:INFO:Random Forest Classifier Imported succesfully
2021-11-30 12:44:56,160:INFO:Starting cross validation
2021-11-30 12:44:56,162:INFO:Cross validating with StratifiedKFold(n_splits=10, random_state=None, shuffle=False), n_jobs=-1
2021-11-30 12:44:59,931:INFO:Calculating mean and std
2021-11-30 12:44:59,932:INFO:Creating metrics dataframe
2021-11-30 12:44:59,951:INFO:Finalizing model
2021-11-30 12:45:00,438:INFO:Uploading results into container
2021-11-30 12:45:00,438:INFO:Uploading model into container now
2021-11-30 12:45:00,463:INFO:create_model_container: 15
2021-11-30 12:45:00,463:INFO:master_model_container: 15
2021-11-30 12:45:00,463:INFO:display_container: 3
2021-11-30 12:45:00,464:INFO:RandomForestClassifier(bootstrap=True, ccp_alpha=0.0, class_weight=None,
                       criterion='gini', max_depth=None, max_features='auto',
                       max_leaf_nodes=None, max_samples=None,
                       min_impurity_decrease=0.0, min_impurity_split=None,
                       min_samples_leaf=1, min_samples_split=2,
                       min_weight_fraction_leaf=0.0, n_estimators=100,
                       n_jobs=-1, oob_score=False, random_state=1, verbose=0,
                       warm_start=False)
2021-11-30 12:45:00,465:INFO:create_model() succesfully completed......................................
2021-11-30 12:45:00,827:INFO:Initializing tune_model()
2021-11-30 12:45:00,827:INFO:tune_model(estimator=RandomForestClassifier(bootstrap=True, ccp_alpha=0.0, class_weight=None,
                       criterion='gini', max_depth=None, max_features='auto',
                       max_leaf_nodes=None, max_samples=None,
                       min_impurity_decrease=0.0, min_impurity_split=None,
                       min_samples_leaf=1, min_samples_split=2,
                       min_weight_fraction_leaf=0.0, n_estimators=100,
                       n_jobs=-1, oob_score=False, random_state=1, verbose=0,
                       warm_start=False), fold=None, round=4, n_iter=10, custom_grid=None, optimize=Accuracy, custom_scorer=None, search_library=scikit-learn, search_algorithm=None, early_stopping=False, early_stopping_max_iters=10, choose_better=False, fit_kwargs=None, groups=None, return_tuner=False, verbose=True, tuner_verbose=True, display=None, kwargs={})
2021-11-30 12:45:00,828:INFO:Checking exceptions
2021-11-30 12:45:00,831:INFO:Preparing display monitor
2021-11-30 12:45:00,927:INFO:Copying training dataset
2021-11-30 12:45:00,933:INFO:Checking base model
2021-11-30 12:45:00,935:INFO:Base model : Random Forest Classifier
2021-11-30 12:45:00,970:INFO:Declaring metric variables
2021-11-30 12:45:01,002:INFO:Defining Hyperparameters
2021-11-30 12:45:01,397:INFO:Tuning with n_jobs=-1
2021-11-30 12:45:01,397:INFO:Initializing RandomizedSearchCV
2021-11-30 12:45:30,935:INFO:best_params: {'actual_estimator__n_estimators': 40, 'actual_estimator__min_samples_split': 2, 'actual_estimator__min_samples_leaf': 3, 'actual_estimator__min_impurity_decrease': 0.002, 'actual_estimator__max_features': 'sqrt', 'actual_estimator__max_depth': 6, 'actual_estimator__criterion': 'entropy', 'actual_estimator__class_weight': {}, 'actual_estimator__bootstrap': False}
2021-11-30 12:45:30,937:INFO:Hyperparameter search completed
2021-11-30 12:45:30,937:INFO:SubProcess create_model() called ==================================
2021-11-30 12:45:30,938:INFO:Initializing create_model()
2021-11-30 12:45:30,938:INFO:create_model(estimator=RandomForestClassifier(bootstrap=True, ccp_alpha=0.0, class_weight=None,
                       criterion='gini', max_depth=None, max_features='auto',
                       max_leaf_nodes=None, max_samples=None,
                       min_impurity_decrease=0.0, min_impurity_split=None,
                       min_samples_leaf=1, min_samples_split=2,
                       min_weight_fraction_leaf=0.0, n_estimators=100,
                       n_jobs=-1, oob_score=False, random_state=1, verbose=0,
                       warm_start=False), fold=StratifiedKFold(n_splits=10, random_state=None, shuffle=False), round=4, cross_validation=True, predict=True, fit_kwargs={}, groups=None, refit=True, verbose=True, system=False, metrics=None, add_to_model_list=True, probability_threshold=None, display=<pycaret.internal.Display.Display object at 0x0000025B8FFD43D0>, kwargs={'n_estimators': 40, 'min_samples_split': 2, 'min_samples_leaf': 3, 'min_impurity_decrease': 0.002, 'max_features': 'sqrt', 'max_depth': 6, 'criterion': 'entropy', 'class_weight': {}, 'bootstrap': False})
2021-11-30 12:45:30,938:INFO:Checking exceptions
2021-11-30 12:45:30,939:INFO:Importing libraries
2021-11-30 12:45:30,939:INFO:Copying training dataset
2021-11-30 12:45:30,940:INFO:Defining folds
2021-11-30 12:45:30,940:INFO:Declaring metric variables
2021-11-30 12:45:30,957:INFO:Importing untrained model
2021-11-30 12:45:30,958:INFO:Declaring custom model
2021-11-30 12:45:30,985:INFO:Random Forest Classifier Imported succesfully
2021-11-30 12:45:31,039:INFO:Starting cross validation
2021-11-30 12:45:31,041:INFO:Cross validating with StratifiedKFold(n_splits=10, random_state=None, shuffle=False), n_jobs=-1
2021-11-30 12:45:32,623:INFO:Calculating mean and std
2021-11-30 12:45:32,625:INFO:Creating metrics dataframe
2021-11-30 12:45:32,644:INFO:Finalizing model
2021-11-30 12:45:32,825:INFO:Uploading results into container
2021-11-30 12:45:32,825:INFO:Uploading model into container now
2021-11-30 12:45:32,825:INFO:create_model_container: 16
2021-11-30 12:45:32,826:INFO:master_model_container: 16
2021-11-30 12:45:32,826:INFO:display_container: 4
2021-11-30 12:45:32,826:INFO:RandomForestClassifier(bootstrap=False, ccp_alpha=0.0, class_weight={},
                       criterion='entropy', max_depth=6, max_features='sqrt',
                       max_leaf_nodes=None, max_samples=None,
                       min_impurity_decrease=0.002, min_impurity_split=None,
                       min_samples_leaf=3, min_samples_split=2,
                       min_weight_fraction_leaf=0.0, n_estimators=40, n_jobs=-1,
                       oob_score=False, random_state=1, verbose=0,
                       warm_start=False)
2021-11-30 12:45:32,827:INFO:create_model() succesfully completed......................................
2021-11-30 12:45:33,124:INFO:SubProcess create_model() end ==================================
2021-11-30 12:45:33,173:INFO:create_model_container: 16
2021-11-30 12:45:33,174:INFO:master_model_container: 16
2021-11-30 12:45:33,174:INFO:display_container: 4
2021-11-30 12:45:33,175:INFO:RandomForestClassifier(bootstrap=False, ccp_alpha=0.0, class_weight={},
                       criterion='entropy', max_depth=6, max_features='sqrt',
                       max_leaf_nodes=None, max_samples=None,
                       min_impurity_decrease=0.002, min_impurity_split=None,
                       min_samples_leaf=3, min_samples_split=2,
                       min_weight_fraction_leaf=0.0, n_estimators=40, n_jobs=-1,
                       oob_score=False, random_state=1, verbose=0,
                       warm_start=False)
2021-11-30 12:45:33,175:INFO:tune_model() succesfully completed......................................
2021-11-30 12:46:15,223:INFO:Initializing plot_model()
2021-11-30 12:46:15,224:INFO:plot_model(fold=None, use_train_data=False, verbose=True, is_in_evaluate=False, display=None, display_format=None, estimator=RandomForestClassifier(bootstrap=True, ccp_alpha=0.0, class_weight=None,
                       criterion='gini', max_depth=None, max_features='auto',
                       max_leaf_nodes=None, max_samples=None,
                       min_impurity_decrease=0.0, min_impurity_split=None,
                       min_samples_leaf=1, min_samples_split=2,
                       min_weight_fraction_leaf=0.0, n_estimators=100,
                       n_jobs=-1, oob_score=False, random_state=1, verbose=0,
                       warm_start=False), feature_name=None, fit_kwargs=None, groups=None, label=False, plot=auc, save=False, scale=1, system=True)
2021-11-30 12:46:15,224:INFO:Checking exceptions
2021-11-30 12:46:15,261:INFO:Preparing display monitor
2021-11-30 12:46:15,274:INFO:Preloading libraries
2021-11-30 12:46:15,310:INFO:Copying training dataset
2021-11-30 12:46:15,312:INFO:Copying test dataset
2021-11-30 12:46:15,312:INFO:Plot type: auc
2021-11-30 12:46:15,387:INFO:Fitting Model
2021-11-30 12:46:15,391:INFO:Scoring test/hold-out set
2021-11-30 12:46:16,020:INFO:Visual Rendered Successfully
2021-11-30 12:46:16,403:INFO:plot_model() succesfully completed......................................
2021-11-30 12:46:32,403:INFO:Initializing plot_model()
2021-11-30 12:46:32,403:INFO:plot_model(fold=None, use_train_data=False, verbose=True, is_in_evaluate=False, display=None, display_format=None, estimator=RandomForestClassifier(bootstrap=True, ccp_alpha=0.0, class_weight=None,
                       criterion='gini', max_depth=None, max_features='auto',
                       max_leaf_nodes=None, max_samples=None,
                       min_impurity_decrease=0.0, min_impurity_split=None,
                       min_samples_leaf=1, min_samples_split=2,
                       min_weight_fraction_leaf=0.0, n_estimators=100,
                       n_jobs=-1, oob_score=False, random_state=1, verbose=0,
                       warm_start=False), feature_name=None, fit_kwargs=None, groups=None, label=False, plot=feature, save=False, scale=1, system=True)
2021-11-30 12:46:32,403:INFO:Checking exceptions
2021-11-30 12:46:32,445:INFO:Preparing display monitor
2021-11-30 12:46:32,458:INFO:Preloading libraries
2021-11-30 12:46:32,487:INFO:Copying training dataset
2021-11-30 12:46:32,488:INFO:Copying test dataset
2021-11-30 12:46:32,489:INFO:Plot type: feature
2021-11-30 12:46:32,543:WARNING:No coef_ found. Trying feature_importances_
2021-11-30 12:46:32,874:INFO:Visual Rendered Successfully
2021-11-30 12:46:33,239:INFO:plot_model() succesfully completed......................................
2021-11-30 12:46:50,086:INFO:Initializing plot_model()
2021-11-30 12:46:50,086:INFO:plot_model(fold=None, use_train_data=False, verbose=True, is_in_evaluate=False, display=None, display_format=None, estimator=RandomForestClassifier(bootstrap=True, ccp_alpha=0.0, class_weight=None,
                       criterion='gini', max_depth=None, max_features='auto',
                       max_leaf_nodes=None, max_samples=None,
                       min_impurity_decrease=0.0, min_impurity_split=None,
                       min_samples_leaf=1, min_samples_split=2,
                       min_weight_fraction_leaf=0.0, n_estimators=100,
                       n_jobs=-1, oob_score=False, random_state=1, verbose=0,
                       warm_start=False), feature_name=None, fit_kwargs=None, groups=None, label=False, plot=confusion_matrix, save=False, scale=1, system=True)
2021-11-30 12:46:50,087:INFO:Checking exceptions
2021-11-30 12:46:50,125:INFO:Preparing display monitor
2021-11-30 12:46:50,140:INFO:Preloading libraries
2021-11-30 12:46:50,167:INFO:Copying training dataset
2021-11-30 12:46:50,168:INFO:Copying test dataset
2021-11-30 12:46:50,169:INFO:Plot type: confusion_matrix
2021-11-30 12:46:50,242:INFO:Fitting Model
2021-11-30 12:46:50,244:INFO:Scoring test/hold-out set
2021-11-30 12:46:51,041:INFO:Visual Rendered Successfully
2021-11-30 12:46:51,496:INFO:plot_model() succesfully completed......................................
2021-11-30 12:47:27,147:INFO:Initializing finalize_model()
2021-11-30 12:47:27,148:INFO:finalize_model(estimator=RandomForestClassifier(bootstrap=True, ccp_alpha=0.0, class_weight=None,
                       criterion='gini', max_depth=None, max_features='auto',
                       max_leaf_nodes=None, max_samples=None,
                       min_impurity_decrease=0.0, min_impurity_split=None,
                       min_samples_leaf=1, min_samples_split=2,
                       min_weight_fraction_leaf=0.0, n_estimators=100,
                       n_jobs=-1, oob_score=False, random_state=1, verbose=0,
                       warm_start=False), fit_kwargs=None, groups=None, model_only=True, display=None)
2021-11-30 12:47:27,149:INFO:Finalizing RandomForestClassifier(bootstrap=True, ccp_alpha=0.0, class_weight=None,
                       criterion='gini', max_depth=None, max_features='auto',
                       max_leaf_nodes=None, max_samples=None,
                       min_impurity_decrease=0.0, min_impurity_split=None,
                       min_samples_leaf=1, min_samples_split=2,
                       min_weight_fraction_leaf=0.0, n_estimators=100,
                       n_jobs=-1, oob_score=False, random_state=1, verbose=0,
                       warm_start=False)
2021-11-30 12:47:27,150:INFO:Initializing create_model()
2021-11-30 12:47:27,150:INFO:create_model(estimator=RandomForestClassifier(bootstrap=True, ccp_alpha=0.0, class_weight=None,
                       criterion='gini', max_depth=None, max_features='auto',
                       max_leaf_nodes=None, max_samples=None,
                       min_impurity_decrease=0.0, min_impurity_split=None,
                       min_samples_leaf=1, min_samples_split=2,
                       min_weight_fraction_leaf=0.0, n_estimators=100,
                       n_jobs=-1, oob_score=False, random_state=1, verbose=0,
                       warm_start=False), fold=None, round=4, cross_validation=True, predict=True, fit_kwargs={}, groups=None, refit=True, verbose=False, system=False, metrics=None, add_to_model_list=False, probability_threshold=None, display=None, kwargs={})
2021-11-30 12:47:27,150:INFO:Checking exceptions
2021-11-30 12:47:27,150:INFO:Importing libraries
2021-11-30 12:47:27,151:INFO:Copying training dataset
2021-11-30 12:47:27,152:INFO:Defining folds
2021-11-30 12:47:27,152:INFO:Declaring metric variables
2021-11-30 12:47:27,152:INFO:Importing untrained model
2021-11-30 12:47:27,153:INFO:Declaring custom model
2021-11-30 12:47:27,155:INFO:Random Forest Classifier Imported succesfully
2021-11-30 12:47:27,155:INFO:Starting cross validation
2021-11-30 12:47:27,157:INFO:Cross validating with StratifiedKFold(n_splits=10, random_state=None, shuffle=False), n_jobs=-1
2021-11-30 12:47:31,707:INFO:Calculating mean and std
2021-11-30 12:47:31,707:INFO:Creating metrics dataframe
2021-11-30 12:47:31,713:INFO:Finalizing model
2021-11-30 12:47:32,277:INFO:create_model_container: 16
2021-11-30 12:47:32,278:INFO:master_model_container: 16
2021-11-30 12:47:32,278:INFO:display_container: 5
2021-11-30 12:47:32,278:INFO:RandomForestClassifier(bootstrap=True, ccp_alpha=0.0, class_weight=None,
                       criterion='gini', max_depth=None, max_features='auto',
                       max_leaf_nodes=None, max_samples=None,
                       min_impurity_decrease=0.0, min_impurity_split=None,
                       min_samples_leaf=1, min_samples_split=2,
                       min_weight_fraction_leaf=0.0, n_estimators=100,
                       n_jobs=-1, oob_score=False, random_state=1, verbose=0,
                       warm_start=False)
2021-11-30 12:47:32,278:INFO:create_model() succesfully completed......................................
2021-11-30 12:47:32,614:INFO:create_model_container: 16
2021-11-30 12:47:32,615:INFO:master_model_container: 16
2021-11-30 12:47:32,615:INFO:display_container: 4
2021-11-30 12:47:32,616:INFO:RandomForestClassifier(bootstrap=True, ccp_alpha=0.0, class_weight=None,
                       criterion='gini', max_depth=None, max_features='auto',
                       max_leaf_nodes=None, max_samples=None,
                       min_impurity_decrease=0.0, min_impurity_split=None,
                       min_samples_leaf=1, min_samples_split=2,
                       min_weight_fraction_leaf=0.0, n_estimators=100,
                       n_jobs=-1, oob_score=False, random_state=1, verbose=0,
                       warm_start=False)
2021-11-30 12:47:32,616:INFO:finalize_model() succesfully completed......................................
2021-11-30 12:47:32,966:INFO:Initializing predict_model()
2021-11-30 12:47:32,966:INFO:predict_model(estimator=RandomForestClassifier(bootstrap=True, ccp_alpha=0.0, class_weight=None,
                       criterion='gini', max_depth=None, max_features='auto',
                       max_leaf_nodes=None, max_samples=None,
                       min_impurity_decrease=0.0, min_impurity_split=None,
                       min_samples_leaf=1, min_samples_split=2,
                       min_weight_fraction_leaf=0.0, n_estimators=100,
                       n_jobs=-1, oob_score=False, random_state=1, verbose=0,
                       warm_start=False), probability_threshold=None, encoded_labels=False, raw_score=False, round=4, verbose=True, ml_usecase=MLUsecase.CLASSIFICATION, display=None)
2021-11-30 12:47:32,967:INFO:Checking exceptions
2021-11-30 12:47:32,967:INFO:Preloading libraries
2021-11-30 12:47:32,967:INFO:Preparing display monitor
